<?xml version="1.0" encoding="UTF-8"?>
<!-- Generated by org.testng.reporters.JUnitReportReporter -->
<testsuite hostname="Ashutoshs-MacBook-Pro.local" failures="0" tests="6" name="basicsOfTestNG.DemoWebShopTestNG" time="80.152" errors="0" timestamp="2023-11-01T11:06:41 IST" skipped="1">
  <testcase classname="basicsOfTestNG.DemoWebShopTestNG" name="Login" time="17.820"/>
  <testcase classname="basicsOfTestNG.DemoWebShopTestNG" name="addToCart" time="18.312"/>
  <testcase classname="basicsOfTestNG.DemoWebShopTestNG" name="addToCart" time="14.454"/>
  <testcase classname="basicsOfTestNG.DemoWebShopTestNG" name="addToCart" time="15.950"/>
  <testcase classname="basicsOfTestNG.DemoWebShopTestNG" name="logout" time="13.616"/>
  <testcase classname="basicsOfTestNG.DemoWebShopTestNG" name="Register">
    <skipped/>
  </testcase> <!-- Register -->
</testsuite> <!-- basicsOfTestNG.DemoWebShopTestNG -->
