<?xml version="1.0" encoding="UTF-8"?>
<!-- Generated by org.testng.reporters.JUnitReportReporter -->
<testsuite hostname="Ashutoshs-MacBook-Pro.local" failures="0" tests="1" name="batch_execution.AddToCartClass" time="13.392" errors="0" timestamp="2023-11-01T11:41:55 IST" skipped="0">
  <testcase classname="batch_execution.AddToCartClass" name="addToCart" time="13.392"/>
</testsuite> <!-- batch_execution.AddToCartClass -->
