<?xml version="1.0" encoding="UTF-8"?>
<!-- Generated by org.testng.reporters.JUnitReportReporter -->
<testsuite hostname="Ashutoshs-MacBook-Pro.local" failures="0" tests="1" name="batch_execution.RegisterClass" time="14.257" errors="0" timestamp="2023-11-01T11:41:55 IST" skipped="0">
  <testcase classname="batch_execution.RegisterClass" name="Register" time="14.257"/>
</testsuite> <!-- batch_execution.RegisterClass -->
