<?xml version="1.0" encoding="UTF-8"?>
<!-- Generated by org.testng.reporters.JUnitReportReporter -->
<testsuite hostname="Ashutoshs-MacBook-Pro.local" failures="0" tests="4" name="basicsOfTestNG.OrangeHRMTestNG" time="44.412" errors="0" timestamp="2023-11-01T10:56:11 IST" skipped="1">
  <testcase classname="basicsOfTestNG.OrangeHRMTestNG" name="Register" time="14.835"/>
  <testcase classname="basicsOfTestNG.OrangeHRMTestNG" name="Login" time="13.183"/>
  <testcase classname="basicsOfTestNG.OrangeHRMTestNG" name="logout" time="16.394"/>
  <testcase classname="basicsOfTestNG.OrangeHRMTestNG" name="addToCart">
    <skipped/>
  </testcase> <!-- addToCart -->
</testsuite> <!-- basicsOfTestNG.OrangeHRMTestNG -->
