<?xml version="1.0" encoding="UTF-8"?>
<!-- Generated by org.testng.reporters.JUnitReportReporter -->
<testsuite hostname="Ashutoshs-MacBook-Pro.local" failures="0" tests="1" name="basicsOfTestNG.Demo" time="0.007" errors="0" timestamp="2023-10-31T14:37:21 IST" skipped="0">
  <testcase classname="basicsOfTestNG.Demo" name="login" time="0.007"/>
</testsuite> <!-- basicsOfTestNG.Demo -->
