<?xml version="1.0" encoding="UTF-8"?>
<!-- Generated by org.testng.reporters.JUnitReportReporter -->
<testsuite hostname="Ashutoshs-MacBook-Pro.local" failures="0" tests="2" name="batch_execution.LogoutClass" time="14.970" errors="0" timestamp="2023-11-01T11:56:40 IST" skipped="0">
  <testcase classname="batch_execution.LogoutClass" name="Login" time="13.551"/>
  <testcase classname="batch_execution.LogoutClass" name="logout" time="1.419"/>
</testsuite> <!-- batch_execution.LogoutClass -->
