<?xml version="1.0" encoding="UTF-8"?>
<!-- Generated by org.testng.reporters.JUnitReportReporter -->
<testsuite hostname="Ashutoshs-MacBook-Pro.local" failures="0" tests="1" name="batch_execution.LoginClass" time="19.772" errors="0" timestamp="2023-11-01T11:55:41 IST" skipped="0">
  <testcase classname="batch_execution.LoginClass" name="Login" time="19.772"/>
</testsuite> <!-- batch_execution.LoginClass -->
